<?xml version="1.0" encoding="UTF-8"?>
<testsuite xmlns:xsi="http://www.w3.org/2001/XMLSchema-instance" xsi:noNamespaceSchemaLocation="https://maven.apache.org/surefire/maven-surefire-plugin/xsd/surefire-test-report.xsd" version="3.0.2" name="com.dariaromanowska.lab10.Lab10ApplicationTests" time="6.894" tests="1" errors="0" skipped="0" failures="0">
  <properties>
[...]
</properties>
  <testcase name="contextLoads" classname="com.dariaromanowska.lab10.Lab10ApplicationTests" time="0.629">
    <system-out><![CDATA[19:50:30.327 [main] INFO org.springframework.test.context.support.AnnotationConfigContextLoaderUtils -- Could not detect default configuration classes for test class [com.dariaromanowska.lab10.Lab10ApplicationTests]: Lab10ApplicationTests does not declare any static, non-private, non-final, nested classes annotated with @Configuration.
19:50:30.469 [main] INFO org.springframework.boot.test.context.SpringBootTestContextBootstrapper -- Found @SpringBootConfiguration com.dariaromanowska.lab10.Lab10Application for test class com.dariaromanowska.lab10.Lab10ApplicationTests

  .   ____          _            __ _ _
 /\\ / ___'_ __ _ _(_)_ __  __ _ \ \ \ \
( ( )\___ | '_ | '_| | '_ \/ _` | \ \ \ \
 \\/  ___)| |_)| | | | | || (_| |  ) ) ) )
  '  |____| .__|_| |_|_| |_\__, | / / / /
 =========|_|==============|___/=/_/_/_/

 :: Spring Boot ::                (v4.0.2)

2026-02-16T19:50:30.982+01:00  INFO 21764 --- [lab10] [           main] c.d.lab10.Lab10ApplicationTests          : Starting Lab10ApplicationTests using Java 21.0.10 with PID 21764 (started by js012814 in C:\Users\js012814\Documents\DR Projects\lab10)
2026-02-16T19:50:30.984+01:00  INFO 21764 --- [lab10] [           main] c.d.lab10.Lab10ApplicationTests          : No active profile set, falling back to 1 default profile: "default"
2026-02-16T19:50:32.035+01:00  INFO 21764 --- [lab10] [           main] .s.d.r.c.RepositoryConfigurationDelegate : Bootstrapping Spring Data JPA repositories in DEFAULT mode.
2026-02-16T19:50:32.104+01:00  INFO 21764 --- [lab10] [           main] .s.d.r.c.RepositoryConfigurationDelegate : Finished Spring Data repository scanning in 57 ms. Found 2 JPA repository interfaces.
2026-02-16T19:50:32.576+01:00  INFO 21764 --- [lab10] [           main] org.hibernate.orm.jpa                    : HHH008540: Processing PersistenceUnitInfo [name: default]
2026-02-16T19:50:32.649+01:00  INFO 21764 --- [lab10] [           main] org.hibernate.orm.core                   : HHH000001: Hibernate ORM core version 7.2.1.Final
2026-02-16T19:50:33.316+01:00  INFO 21764 --- [lab10] [           main] o.s.o.j.p.SpringPersistenceUnitInfo      : No LoadTimeWeaver setup: ignoring JPA class transformer
2026-02-16T19:50:33.362+01:00  INFO 21764 --- [lab10] [           main] com.zaxxer.hikari.HikariDataSource       : HikariPool-1 - Starting...
2026-02-16T19:50:33.635+01:00  INFO 21764 --- [lab10] [           main] com.zaxxer.hikari.pool.HikariPool        : HikariPool-1 - Added connection conn0: url=jdbc:h2:file:./db/testdb user=MYUSER
2026-02-16T19:50:33.637+01:00  INFO 21764 --- [lab10] [           main] com.zaxxer.hikari.HikariDataSource       : HikariPool-1 - Start completed.
2026-02-16T19:50:33.701+01:00  INFO 21764 --- [lab10] [           main] org.hibernate.orm.connections.pooling    : HHH10001005: Database info:
	Database JDBC URL [jdbc:h2:file:./db/testdb]
	Database driver: H2 JDBC Driver
	Database dialect: H2Dialect
	Database version: 2.4.240
	Default catalog/schema: TESTDB/PUBLIC
	Autocommit mode: undefined/unknown
	Isolation level: READ_COMMITTED [default READ_COMMITTED]
	JDBC fetch size: 100
	Pool: DataSourceConnectionProvider
	Minimum pool size: undefined/unknown
	Maximum pool size: undefined/unknown
2026-02-16T19:50:34.797+01:00  INFO 21764 --- [lab10] [           main] org.hibernate.orm.core                   : HHH000489: No JTA platform available (set 'hibernate.transaction.jta.platform' to enable JTA platform integration)
2026-02-16T19:50:34.880+01:00  INFO 21764 --- [lab10] [           main] j.LocalContainerEntityManagerFactoryBean : Initialized JPA EntityManagerFactory for persistence unit 'default'
2026-02-16T19:50:35.115+01:00  WARN 21764 --- [lab10] [           main] JpaBaseConfiguration$JpaWebConfiguration : spring.jpa.open-in-view is enabled by default. Therefore, database queries may be performed during view rendering. Explicitly configure spring.jpa.open-in-view to disable this warning
2026-02-16T19:50:35.222+01:00  INFO 21764 --- [lab10] [           main] o.s.d.j.r.query.QueryEnhancerFactories   : Hibernate is in classpath; If applicable, HQL parser will be used.
2026-02-16T19:50:35.571+01:00  INFO 21764 --- [lab10] [           main] o.s.b.w.a.WelcomePageHandlerMapping      : Adding welcome page: class path resource [static/index.html]
2026-02-16T19:50:36.174+01:00  INFO 21764 --- [lab10] [           main] o.s.b.h.a.H2ConsoleAutoConfiguration     : H2 console available at '/h2-console'. Database available at 'jdbc:h2:file:./db/testdb'
2026-02-16T19:50:36.313+01:00  INFO 21764 --- [lab10] [           main] c.d.lab10.Lab10ApplicationTests          : Started Lab10ApplicationTests in 5.659 seconds (process running for 7.098)
]]></system-out>
    <system-err><![CDATA[Mockito is currently self-attaching to enable the inline-mock-maker. This will no longer work in future releases of the JDK. Please add Mockito as an agent to your build as described in Mockito's documentation: https://javadoc.io/doc/org.mockito/mockito-core/latest/org.mockito/org/mockito/Mockito.html#0.3
WARNING: A Java agent has been loaded dynamically (C:\Users\js012814\.m2\repository\net\bytebuddy\byte-buddy-agent\1.17.8\byte-buddy-agent-1.17.8.jar)
WARNING: If a serviceability tool is in use, please run with -XX:+EnableDynamicAgentLoading to hide this warning
WARNING: If a serviceability tool is not in use, please run with -Djdk.instrument.traceUsage for more information
WARNING: Dynamic loading of agents will be disallowed by default in a future release
]]></system-err>
  </testcase>
</testsuite>