<?xml version="1.0" encoding="UTF-8"?>
<testsuite xmlns:xsi="http://www.w3.org/2001/XMLSchema-instance" xsi:noNamespaceSchemaLocation="https://maven.apache.org/surefire/maven-surefire-plugin/xsd/surefire-test-report.xsd" version="3.0.2" name="com.dariaromanowska.lab09.Lab09ApplicationTests" time="4.376" tests="1" errors="0" skipped="0" failures="0">
  <properties>
[...]
</properties>
  <testcase name="contextLoads" classname="com.dariaromanowska.lab09.Lab09ApplicationTests" time="1.138">
    <system-out><![CDATA[19:41:45.580 [main] INFO org.springframework.test.context.support.AnnotationConfigContextLoaderUtils -- Could not detect default configuration classes for test class [com.dariaromanowska.lab09.Lab09ApplicationTests]: Lab09ApplicationTests does not declare any static, non-private, non-final, nested classes annotated with @Configuration.
19:41:45.807 [main] INFO org.springframework.boot.test.context.SpringBootTestContextBootstrapper -- Found @SpringBootConfiguration com.dariaromanowska.lab09.Lab09Application for test class com.dariaromanowska.lab09.Lab09ApplicationTests

  .   ____          _            __ _ _
 /\\ / ___'_ __ _ _(_)_ __  __ _ \ \ \ \
( ( )\___ | '_ | '_| | '_ \/ _` | \ \ \ \
 \\/  ___)| |_)| | | | | || (_| |  ) ) ) )
  '  |____| .__|_| |_|_| |_\__, | / / / /
 =========|_|==============|___/=/_/_/_/

 :: Spring Boot ::                (v4.0.2)

2026-02-16T19:41:46.447+01:00  INFO 17600 --- [lab09] [           main] c.d.lab09.Lab09ApplicationTests          : Starting Lab09ApplicationTests using Java 21.0.10 with PID 17600 (started by js012814 in C:\Users\js012814\Documents\DR Projects\LAB09)
2026-02-16T19:41:46.450+01:00  INFO 17600 --- [lab09] [           main] c.d.lab09.Lab09ApplicationTests          : No active profile set, falling back to 1 default profile: "default"
2026-02-16T19:41:48.495+01:00  INFO 17600 --- [lab09] [           main] c.d.lab09.Lab09ApplicationTests          : Started Lab09ApplicationTests in 2.424 seconds (process running for 4.266)
]]></system-out>
    <system-err><![CDATA[Mockito is currently self-attaching to enable the inline-mock-maker. This will no longer work in future releases of the JDK. Please add Mockito as an agent to your build as described in Mockito's documentation: https://javadoc.io/doc/org.mockito/mockito-core/latest/org.mockito/org/mockito/Mockito.html#0.3
WARNING: A Java agent has been loaded dynamically (C:\Users\js012814\.m2\repository\net\bytebuddy\byte-buddy-agent\1.17.8\byte-buddy-agent-1.17.8.jar)
WARNING: If a serviceability tool is in use, please run with -XX:+EnableDynamicAgentLoading to hide this warning
WARNING: If a serviceability tool is not in use, please run with -Djdk.instrument.traceUsage for more information
WARNING: Dynamic loading of agents will be disallowed by default in a future release
]]></system-err>
  </testcase>
</testsuite>